[02:57:58] [main/INFO]: Loading Minecraft 1.21 with Fabric Loader 0.16.0
[02:57:58] [ForkJoinPool-1-worker-3/WARN]: Mod mr_vanilla_refresh uses the version 1.4.20b which isn't compatible with Loader's extended semantic version format (Could not parse version number component '20b'!), SemVer is recommended for reliably evaluating dependencies and prioritizing newer version
[02:57:59] [main/INFO]: Loading 83 mods:
	- antixray 1.4.2+1.21
	   \-- com_moandjiezana_toml_toml4j 0.7.2
	- audioplayer 1.21-1.10.2
	   |-- admiral 0.4.4+1.20.5
	   \-- fabric-api-base 0.4.42+6573ed8c90
	- easyauth 3.0.25
	   |-- at_favre_lib_bcrypt 0.10.2
	   |-- at_favre_lib_bytes 1.6.1
	   |-- com_mysql_mysql-connector-j 8.2.0
	   |-- com_typesafe_config 1.4.3
	   |-- de_mkammerer_argon2-jvm 2.11
	   |-- de_mkammerer_argon2-jvm-nolibs 2.11
	   |-- fabric-permissions-api-v0 0.3.1
	   |-- io_leangen_geantyref_geantyref 1.3.13
	   |-- net_java_dev_jna_jna 5.13.0
	   |-- org_apache_commons_commons-text 1.10.0
	   |-- org_iq80_leveldb_leveldb 0.12
	   |-- org_iq80_leveldb_leveldb-api 0.12
	   |-- org_mongodb_bson 4.11.1
	   |-- org_mongodb_mongodb-driver-core 4.11.1
	   |-- org_mongodb_mongodb-driver-sync 4.11.1
	   |-- org_spongepowered_configurate-core 4.1.2
	   |-- org_spongepowered_configurate-hocon 4.1.2
	   \-- server_translations_api 2.3.1+1.21-pre2
	        \-- packet_tweaker 0.5.1+24w03b
	- fabric-api 0.100.6+1.21
	   |-- fabric-api-lookup-api-v1 1.6.67+b5597344d1
	   |-- fabric-biome-api-v1 13.0.28+6fc22b99d1
	   |-- fabric-block-api-v1 1.0.22+0af3f5a7d1
	   |-- fabric-block-view-api-v2 1.0.10+6573ed8cd1
	   |-- fabric-blockrenderlayer-v1 1.1.52+0af3f5a7d1
	   |-- fabric-client-tags-api-v1 1.1.15+6573ed8cd1
	   |-- fabric-command-api-v1 1.2.49+f71b366fd1
	   |-- fabric-command-api-v2 2.2.28+6ced4dd9d1
	   |-- fabric-commands-v0 0.2.66+df3654b3d1
	   |-- fabric-content-registries-v0 8.0.14+b5597344d1
	   |-- fabric-convention-tags-v1 2.0.17+7f945d5bd1
	   |-- fabric-convention-tags-v2 2.4.1+86024ea6d1
	   |-- fabric-crash-report-info-v1 0.2.29+0af3f5a7d1
	   |-- fabric-data-attachment-api-v1 1.1.24+6a6dfa19d1
	   |-- fabric-data-generation-api-v1 20.2.11+16c4ae25d1
	   |-- fabric-dimensions-v1 4.0.0+6fc22b99d1
	   |-- fabric-entity-events-v1 1.6.12+6fc22b99d1
	   |-- fabric-events-interaction-v0 0.7.10+e633f883d1
	   |-- fabric-game-rule-api-v1 1.0.53+6ced4dd9d1
	   |-- fabric-item-api-v1 11.0.0+afdfc921d1
	   |-- fabric-item-group-api-v1 4.1.2+78017270d1
	   |-- fabric-key-binding-api-v1 1.0.47+0af3f5a7d1
	   |-- fabric-keybindings-v0 0.2.45+df3654b3d1
	   |-- fabric-lifecycle-events-v1 2.3.11+8f3583aed1
	   |-- fabric-loot-api-v2 3.0.12+3f89f5a5d1
	   |-- fabric-loot-api-v3 1.0.0+3f89f5a5d1
	   |-- fabric-message-api-v1 6.0.13+6573ed8cd1
	   |-- fabric-model-loading-api-v1 2.0.0+fe474d6bd1
	   |-- fabric-networking-api-v1 4.2.0+ab7edbacd1
	   |-- fabric-object-builder-api-v1 15.1.12+d1321076d1
	   |-- fabric-particles-v1 4.0.2+6573ed8cd1
	   |-- fabric-recipe-api-v1 5.0.10+65089712d1
	   |-- fabric-registry-sync-v0 5.0.24+6ced4dd9d1
	   |-- fabric-renderer-api-v1 3.3.0+0ae0b97dd1
	   |-- fabric-renderer-indigo 1.6.5+48fb1586d1
	   |-- fabric-renderer-registries-v1 3.2.67+df3654b3d1
	   |-- fabric-rendering-data-attachment-v1 0.3.48+73761d2ed1
	   |-- fabric-rendering-fluids-v1 3.1.6+b5597344d1
	   |-- fabric-rendering-v0 1.1.70+df3654b3d1
	   |-- fabric-rendering-v1 5.0.4+5a8c785ed1
	   |-- fabric-resource-conditions-api-v1 4.2.1+d153f344d1
	   |-- fabric-resource-loader-v0 1.1.5+78017270d1
	   |-- fabric-screen-api-v1 2.0.24+b5597344d1
	   |-- fabric-screen-handler-api-v1 1.3.81+b5597344d1
	   |-- fabric-sound-api-v1 1.0.23+6573ed8cd1
	   |-- fabric-transfer-api-v1 5.1.15+3dccd343d1
	   \-- fabric-transitive-access-wideners-v1 6.0.12+6573ed8cd1
	- fabricloader 0.16.0
	   \-- mixinextras 0.4.0
	- ferritecore 7.0.0
	- image2map 0.7.0+1.21
	   |-- map-canvas-api 0.4.0+1.21
	   \-- sgui 1.6.0+1.21
	- invview 1.4.15-1.20.5+
	- java 21
	- journeymap 1.21-6.0.0-beta.17
	   |-- ar_com_hjg_pngj 2.1.0
	   |-- commonnetworking 1.0.11-1.21
	   \-- journeymap-api-fabric 2.0.0-1.21-SNAPSHOT
	- krypton 0.2.8
	   \-- com_velocitypowered_velocity-native 3.3.0-SNAPSHOT
	- lithium 0.12.7
	- memoryleakfix 1.1.5
	- minecraft 1.21
	- modernfix 5.18.7+mc1.21
	- mr_vanilla_refresh 1.4.20b
	- skinrestorer 2.0.1+1.21
	- spark 1.10.73
	   \-- fabric-permissions-api-v0 0.3.1
	- voicechat 1.21-2.5.19
	   |-- fabric-api-base 0.4.42+6573ed8c90
	   \-- fabric-key-binding-api-v1 1.0.47+0af3f5a790
[02:57:59] [main/INFO]: SpongePowered MIXIN Subsystem Version=0.8.7 Source=file:/workspaces/server/minecraft_server/libraries/net/fabricmc/sponge-mixin/0.15.0+mixin.0.8.7/sponge-mixin-0.15.0+mixin.0.8.7.jar Service=Knot/Fabric Env=SERVER
[02:58:00] [main/INFO]: Compatibility level set to JAVA_17
[02:58:00] [main/INFO]: Compatibility level set to JAVA_21
[02:58:00] [main/WARN]: Reference map 'journeymap-refmap.json' for journeymap.mixins.json could not be read. If this is a development environment you can ignore this message
[02:58:00] [main/WARN]: Reference map 'journeymap-refmap.json' for journeymap.fabric.mixins.json could not be read. If this is a development environment you can ignore this message
[02:58:00] [main/INFO]: Loaded configuration file for Lithium: 138 options available, 1 override(s) found
[02:58:00] [main/WARN]: Reference map 'memoryleakfix-fabric-1.17+-fabric-refmap.json' for memoryleakfix-fabric.mixins.json could not be read. If this is a development environment you can ignore this message
[02:58:00] [main/INFO]: Loaded configuration file for ModernFix 5.18.7+mc1.21: 53 options available, 0 override(s) found
[02:58:00] [main/INFO]: Applying Nashorn fix
[02:58:00] [main/WARN]: Error loading class: qouteall/imm_ptl/core/network/PacketRedirection$Payload (java.lang.ClassNotFoundException: qouteall/imm_ptl/core/network/PacketRedirection$Payload)
[02:58:00] [main/WARN]: @Mixin target qouteall.imm_ptl.core.network.PacketRedirection$Payload was not found antixray.fabric.mixins.json:imm_ptl_core.PacketRedirection$PayloadMixin from mod antixray
[02:58:01] [main/WARN]: Force-disabling mixin 'alloc.blockstate.StateMixin' as rule 'mixin.alloc.blockstate' (added by mods [ferritecore]) disables it and children
[02:58:01] [main/INFO]: [MemoryLeakFix] Will be applying 1 memory leak fixes!
[02:58:01] [main/INFO]: [MemoryLeakFix] Currently enabled memory leak fixes: [biomeTemperatureLeak]
[02:58:01] [main/INFO]: Initializing MixinExtras via com.llamalad7.mixinextras.service.MixinExtrasServiceImpl(version=0.4.0).
[02:58:03] [main/INFO]: Injecting BlockStateBase cache population hook into lithium$getPathNodeType from me.jellysquid.mods.lithium.mixin.ai.pathing.AbstractBlockStateMixin
[02:58:03] [main/INFO]: Injecting BlockStateBase cache population hook into lithium$getAllFlags from me.jellysquid.mods.lithium.mixin.util.block_tracking.AbstractBlockStateMixin
[02:58:03] [main/INFO]: Injecting BlockStateBase cache population hook into lithium$getNeighborPathNodeType from me.jellysquid.mods.lithium.mixin.ai.pathing.AbstractBlockStateMixin
[02:58:04] [main/WARN]: Method overwrite conflict for method_21740 in modernfix-common.mixins.json:perf.remove_biome_temperature_cache.BiomeMixin from mod modernfix, previously written by me.jellysquid.mods.lithium.mixin.world.temperature_cache.BiomeMixin. Skipping method.
[02:58:06] [main/INFO]: Vanilla bootstrap took 4569 milliseconds
[02:58:06] [main/INFO]: Successfully initialized antixray for fabric
[02:58:07] [main/INFO]: [EasyAuth]: EasyAuth mod by NikitaCartes
[02:58:07] [main/INFO]: Initializing ServerSide Packet Registries
[02:58:07] [main/INFO]: Compression will use libdeflate (Linux x86_64), encryption will use OpenSSL 1.1.x (Linux x86_64)
[02:58:07] [main/INFO]: [voicechat] Compatibility version 18
[02:58:07] [main/INFO]: [voicechat] Loading plugins
[02:58:07] [main/INFO]: [voicechat] Loaded 1 plugin(s)
[02:58:07] [main/INFO]: [voicechat] Initializing plugins
[02:58:07] [main/INFO]: [voicechat] Initialized 1 plugin(s)
[02:58:07] [main/INFO]: [voicechat] Registering events for 'audioplayer'
[02:58:07] [main/INFO]: Krypton is now accelerating your Minecraft server's networking stack 🚀
[02:58:07] [main/INFO]: Environment: Environment[sessionHost=https://sessionserver.mojang.com, servicesHost=https://api.minecraftservices.com, name=PROD]
[02:58:10] [Worker-Main-2/ERROR]: Invalid path in mod resource-pack mr_vanilla_refresh: vanilla_refresh:function/item_sets/flowers copy.mcfunction, ignoring
[02:58:10] [Worker-Main-2/ERROR]: Invalid path in mod resource-pack mr_vanilla_refresh: vanilla_refresh:function/block/block_anims/jukebox/box/precipice copy.mcfunction, ignoring
[02:58:10] [main/INFO]: Loaded 1290 recipes
[02:58:10] [main/INFO]: Loaded 1600 advancements
[02:58:10] [ForkJoinPool.commonPool-worker-1/INFO]: Loaded 36 translation keys
[02:58:10] [main/WARN]: Not all defined tags for registry ResourceKey[minecraft:root / minecraft:worldgen/biome] are present in data pack: vanilla_refresh:fsee/amethyst_forest, vanilla_refresh:fsee/ashfall_delta, vanilla_refresh:fsee/blazing_dunes, vanilla_refresh:fsee/chorus_jungle, vanilla_refresh:fsee/end_wilds, vanilla_refresh:fsee/ender_waste, vanilla_refresh:fsee/flesh_tundra, vanilla_refresh:fsee/frosted_hills, vanilla_refresh:fsee/glowshroom_valley, vanilla_refresh:fsee/prismarine_forest, vanilla_refresh:fsee/sculk_growth, vanilla_refresh:fsee/shattered_end, vanilla_refresh:fsee/snowy_warped_forest, vanilla_refresh:fsee/the_hallow, vanilla_refresh:fsee/the_nest, vanilla_refresh:fsee/warped_marsh, vanilla_refresh:jagged_peaks
[02:58:10] [main/INFO]: Applied 0 biome modifications to 0 of 64 new biomes in 1.330 ms
[02:58:11] [Server thread/INFO]: Starting background profiler...
[02:58:11] [Server thread/INFO]: Starting minecraft server version 1.21
[02:58:11] [Server thread/INFO]: Loading properties
[02:58:11] [Server thread/INFO]: Default game type: SURVIVAL
[02:58:11] [Server thread/INFO]: Generating keypair
[02:58:11] [Server thread/INFO]: Starting Minecraft server on *:25565
[02:58:11] [Server thread/INFO]: Using epoll channel type
[02:58:11] [Server thread/WARN]: **** SERVER IS RUNNING IN OFFLINE/INSECURE MODE!
[02:58:11] [Server thread/WARN]: The server will make no attempt to authenticate usernames. Beware.
[02:58:11] [Server thread/WARN]: While this makes the game possible to play without internet access, it also opens up the ability for hackers to connect with any username they choose.
[02:58:11] [Server thread/WARN]: To change this, set "online-mode" to "true" in the server.properties file.
[02:58:11] [Server thread/INFO]: Preparing level "world"
[02:58:12] [Server thread/WARN]: Method overwrite conflict for removeIf in modernfix-common.mixins.json:bugfix.paper_chunk_patches.SortedArraySetMixin from mod modernfix, previously written by me.jellysquid.mods.lithium.mixin.collections.chunk_tickets.SortedArraySetMixin. Skipping method.
[02:58:13] [Server thread/INFO]: Preparing start region for dimension minecraft:overworld
[02:58:13] [Worker-Main-3/INFO]: Preparing spawn area: 0%
[02:58:13] [Worker-Main-3/INFO]: Preparing spawn area: 16%
[02:58:13] [Server thread/INFO]: Time elapsed: 665 ms
[02:58:13] [Server thread/INFO]: Done (1.939s)! For help, type "help"
[02:58:13] [Server thread/WARN]: Dedicated server took 18.513 seconds to load
[02:58:13] [Server thread/INFO]: Loading audio file name mappings...
[02:58:13] [Server thread/INFO]: Loaded null for service interface journeymap.api.services.WebMapService
[02:58:13] [Server thread/INFO]: Loaded journeymap.common.helpers.FabricClientHooks@187e88d3 for service interface journeymap.api.services.ClientPlatformService
[02:58:13] [Server thread/INFO]: Loaded journeymap.common.helpers.FabricHooks@3ea3035c for service interface journeymap.api.services.CommonPlatformService
[02:58:13] [Server thread/WARN]: [voicechat] Running in offline mode - Voice chat encryption is not secure!
[02:58:13] [VoiceChatServerThread/INFO]: [voicechat] Voice host is 'focus-develops.gl.at.ply.gg'
[02:58:13] [VoiceChatServerThread/INFO]: [voicechat] Voice chat server started at port 31847
[02:59:52] [Server thread/INFO]: RealBeans[/[0:0:0:0:0:0:0:1%0]:58042] logged in with entity id 33 at (-96.68577509343267, 71.0, 141.14869136706102)
[02:59:52] [Server thread/INFO]: Using Fabric Permissions API
[02:59:52] [Server thread/INFO]: [voicechat] Using Fabric Permissions API
[02:59:52] [Server thread/INFO]: RealBeans joined the game
[02:59:53] [Server thread/INFO]: [voicechat] Received secret request of RealBeans (18)
[02:59:53] [Server thread/INFO]: [voicechat] Sent secret to RealBeans
[02:59:57] [Server thread/INFO]: RealBeans lost connection: Disconnected
[02:59:57] [Server thread/INFO]: RealBeans left the game
[02:59:57] [Server thread/INFO]: [voicechat] Disconnecting client RealBeans
[03:00:39] [Server thread/INFO]: Stopping the server
[03:00:39] [Server thread/INFO]: Stopping server
[03:00:39] [Server thread/INFO]: Saving players
[03:00:39] [Server thread/INFO]: Saving worlds
[03:00:39] [Server thread/INFO]: Saving chunks for level 'ServerLevel[world]'/minecraft:overworld
[03:00:39] [Server thread/INFO]: Saving chunks for level 'ServerLevel[world]'/minecraft:the_end
[03:00:39] [Server thread/INFO]: Saving chunks for level 'ServerLevel[world]'/minecraft:the_nether
[03:00:39] [Server thread/INFO]: ThreadedAnvilChunkStorage (world): All chunks are saved
[03:00:39] [Server thread/INFO]: ThreadedAnvilChunkStorage (DIM1): All chunks are saved
[03:00:39] [Server thread/INFO]: ThreadedAnvilChunkStorage (DIM-1): All chunks are saved
[03:00:39] [Server thread/INFO]: ThreadedAnvilChunkStorage: All dimensions are saved
[03:00:39] [Server thread/INFO]: [EasyAuth]: Shutting down EasyAuth.
[03:00:39] [Server thread/INFO]: [EasyAuth]: Database connection closed successfully
